Created by PLY version 3.11 (http://www.dabeaz.com/ply)

Unused terminals:

    ASTERISCOIGUAL
    BARRAIGUAL
    COMDOB
    CONST
    CONTINUE
    CORCHDER
    CORCHIZQ
    COUNT
    CURRENT
    DEFINE
    DO
    DOBLEASTERISCOIGUAL
    ELSE
    EMPTY
    END_WHILE
    ESPACIOENBLANCO
    GLOBAL
    IF
    LIST
    MASIGUAL
    MENOSIGUAL
    OPEN_TAG_WITH_ECHO
    OPERACIONSUM
    OPERALOGICO_MAP
    OPERAPUT
    OPERCOMPARACION
    OPERLOGICO_OREXCLUSIVO
    OPERLOGICO_XOR
    PORCENTAJEIGUAL
    PRIVATE
    PROTECTED
    PUNTO
    PUNTOIGUAL
    RETURN
    RSORT
    SALTO_DE_LINEA
    STATIC
    TEXTOSENCILLO
    WHILE

Grammar

Rule 0     S' -> sentencias
Rule 1     sentencias -> operacionMatematica
Rule 2     sentencias -> operador
Rule 3     sentencias -> tipoDevalorNumerico
Rule 4     sentencias -> foreach
Rule 5     sentencias -> arraymaps
Rule 6     sentencias -> tipoDeDato
Rule 7     sentencias -> parametros
Rule 8     sentencias -> funcion
Rule 9     sentencias -> monticuloHEAP
Rule 10    sentencias -> comentarios
Rule 11    sentencias -> impresion
Rule 12    sentencias -> programabasico
Rule 13    sentencias -> for
Rule 14    sentencias -> SplHeap
Rule 15    sentencias -> instrucciones
Rule 16    sentencias -> operaciones
Rule 17    sentencias -> instruccion
Rule 18    sentencias -> valores
Rule 19    sentencias -> booleanos
Rule 20    sentencias -> o_logicos
Rule 21    sentencias -> comparacion
Rule 22    sentencias -> o_comparar
Rule 23    sentencias -> asignacion
Rule 24    sentencias -> operadores_aritmeticos
Rule 25    sentencias -> aritmetica
Rule 26    sentencias -> crearArray
Rule 27    sentencias -> valoresArray
Rule 28    sentencias -> repite_valoresSeparadosComa
Rule 29    sentencias -> repite_claveValorSeparadosComa
Rule 30    sentencias -> switchCase
Rule 31    sentencias -> caso_switch
Rule 32    sentencias -> casos_switch
Rule 33    sentencias -> incdec
Rule 34    sentencias -> incdecfor
Rule 35    operador -> MAS
Rule 36    operador -> MENOS
Rule 37    operador -> MULTIPLICA
Rule 38    operador -> DIVIDE
Rule 39    operador -> MODULO
Rule 40    operador -> EXPONENCIACION
Rule 41    operacionMatematica -> VARIABLE_PHP IGUAL VARIABLE_PHP operador VARIABLE_PHP PUNTOYCOMA
Rule 42    operacionMatematica -> VARIABLE_PHP IGUAL VARIABLE_PHP operador tipoDevalorNumerico PUNTOYCOMA
Rule 43    operacionMatematica -> VARIABLE_PHP IGUAL tipoDevalorNumerico operador tipoDevalorNumerico PUNTOYCOMA
Rule 44    operacionMatematica -> VARIABLE_PHP IGUAL tipoDevalorNumerico operador tipoDevalorNumerico operaciones PUNTOYCOMA
Rule 45    operaciones -> tipoDevalorNumerico operador tipoDevalorNumerico
Rule 46    operaciones -> tipoDevalorNumerico operador tipoDevalorNumerico operador tipoDevalorNumerico
Rule 47    operaciones -> PARENIZQ operaciones PARENDER
Rule 48    operaciones -> operador PARENIZQ operaciones PARENDER operaciones
Rule 49    operaciones -> PARENIZQ operaciones PARENDER operaciones
Rule 50    operaciones -> operador PARENIZQ operaciones PARENDER
Rule 51    tipoDevalorNumerico -> ENTERO
Rule 52    tipoDevalorNumerico -> FLOTANTE
Rule 53    tipoDeDato -> ENTERO
Rule 54    tipoDeDato -> FLOTANTE
Rule 55    tipoDeDato -> CADENA
Rule 56    tipoDeDato -> VARIABLE_PHP
Rule 57    tipoDeDato -> BOOLEANO
Rule 58    tipoDeDato -> NULL
Rule 59    parametros -> tipoDeDato
Rule 60    parametros -> tipoDeDato COMA parametros
Rule 61    foreach -> FOREACH PARENIZQ VARIABLE_PHP AS AMPERSAND VARIABLE_PHP PARENDER LLAVEIZQ operacionMatematica LLAVEDER
Rule 62    arraymaps -> OPERAMAPA PARENIZQ parametros PARENDER PUNTOYCOMA
Rule 63    arraymaps -> VARIABLE_PHP IGUAL OPERAMAPA PARENIZQ parametros PARENDER PUNTOYCOMA
Rule 64    funcion -> NEW NOMBRE PARENIZQ PARENDER PUNTOYCOMA
Rule 65    monticuloHEAP -> HEAP IGUAL funcion
Rule 66    instrucciones -> instruccion instrucciones
Rule 67    instrucciones -> instruccion
Rule 68    instruccion -> asignacion
Rule 69    instruccion -> switchCase
Rule 70    valores -> ENTERO
Rule 71    valores -> FLOTANTE
Rule 72    valores -> CADENA
Rule 73    valores -> VARIABLE_PHP
Rule 74    valores -> BOOLEANO
Rule 75    valores -> aritmetica
Rule 76    valores -> booleanos
Rule 77    valores -> NOMBRE PARENIZQ PARENDER
Rule 78    valores -> NOMBRE PARENIZQ valores PARENDER
Rule 79    valores -> crearArray
Rule 80    booleano -> BOOLEANO
Rule 81    booleano -> comparacion
Rule 82    booleano -> OPERLOGICO_NOT booleanos
Rule 83    booleanos -> booleano
Rule 84    booleanos -> booleanos o_logicos booleanos
Rule 85    o_logicos -> OPERLOGICO_AND
Rule 86    o_logicos -> OPERLOGICO_OR
Rule 87    comparacion -> valores o_comparar valores
Rule 88    o_comparar -> IGUALIGUAL
Rule 89    o_comparar -> NOIGUAL
Rule 90    o_comparar -> MENORQUE
Rule 91    o_comparar -> MAYORQUE
Rule 92    o_comparar -> MAYORIGUAL
Rule 93    o_comparar -> MENORIGUAL
Rule 94    asignacion -> VARIABLE_PHP IGUAL valores PUNTOYCOMA
Rule 95    operadores_aritmeticos -> MAS
Rule 96    operadores_aritmeticos -> MENOS
Rule 97    operadores_aritmeticos -> MULTIPLICA
Rule 98    operadores_aritmeticos -> DIVIDE
Rule 99    aritmetica -> valores operadores_aritmeticos valores
Rule 100   aritmetica -> aritmetica operadores_aritmeticos valores
Rule 101   crearArray -> ARRAY PARENIZQ valoresArray PARENDER
Rule 102   valoresArray -> valores
Rule 103   valoresArray -> valores OPERASIG_ARRAY valores
Rule 104   valoresArray -> valores repite_valores
Rule 105   valoresArray -> valores OPERASIG_ARRAY valores repite_claveValor
Rule 106   repite_valores -> COMA valores
Rule 107   repite_valores -> COMA valores repite_valores
Rule 108   repite_claveValor -> COMA valores OPERASIG_ARRAY valores
Rule 109   repite_claveValor -> COMA valores OPERASIG_ARRAY valores repite_claveValor
Rule 110   switchCase -> SWITCH PARENIZQ valores PARENDER LLAVEIZQ casos_switch LLAVEDER
Rule 111   switchCase -> SWITCH PARENIZQ valores PARENDER LLAVEIZQ casos_switch DEFAULT DOSPUNTOS LLAVEIZQ instrucciones LLAVEDER LLAVEDER
Rule 112   switchCase -> SWITCH PARENIZQ valores PARENDER DOSPUNTOS casos_switch ENDSWITCH PUNTOYCOMA
Rule 113   caso_switch -> CASE valores DOSPUNTOS LLAVEIZQ instrucciones LLAVEDER
Rule 114   caso_switch -> CASE valores DOSPUNTOS LLAVEIZQ instrucciones BREAK PUNTOYCOMA LLAVEDER
Rule 115   caso_switch -> CASE valores DOSPUNTOS instrucciones
Rule 116   caso_switch -> CASE valores DOSPUNTOS instrucciones BREAK PUNTOYCOMA
Rule 117   casos_switch -> caso_switch casos_switch
Rule 118   casos_switch -> caso_switch
Rule 119   comentarios -> COMENTARIO_UNA_LINEA
Rule 120   comentarios -> COMENTARIO_LARGO
Rule 121   impresion -> ECHO tipoDeDato PUNTOYCOMA
Rule 122   impresion -> PRINT tipoDeDato PUNTOYCOMA
Rule 123   impresion -> ECHO VARIABLE_PHP PUNTOYCOMA
Rule 124   impresion -> PRINT VARIABLE_PHP PUNTOYCOMA
Rule 125   programabasico -> INICIO operacionMatematica FIN
Rule 126   programabasico -> INICIO operacionMatematica impresion FIN
Rule 127   incdec -> MAYORQUEI
Rule 128   incdec -> MENORQUEI
Rule 129   incdecfor -> MAS MAS
Rule 130   incdecfor -> MENOS MENOS
Rule 131   for -> FOR PARENIZQ VARIABLE_PHP IGUAL ENTERO PUNTOYCOMA VARIABLE_PHP incdec ENTERO PUNTOYCOMA VARIABLE_PHP incdecfor PARENDER LLAVEIZQ impresion LLAVEDER
Rule 132   SplHeap -> CLASS NOMBRE EXTENDS SPLHEAP LLAVEIZQ PUBLIC FUNCTION COMPARE PARENIZQ parametros PARENDER LLAVEIZQ impresion LLAVEDER LLAVEDER

Terminals, with rules where they appear

AMPERSAND            : 61
ARRAY                : 101
AS                   : 61
ASTERISCOIGUAL       : 
BARRAIGUAL           : 
BOOLEANO             : 57 74 80
BREAK                : 114 116
CADENA               : 55 72
CASE                 : 113 114 115 116
CLASS                : 132
COMA                 : 60 106 107 108 109
COMDOB               : 
COMENTARIO_LARGO     : 120
COMENTARIO_UNA_LINEA : 119
COMPARE              : 132
CONST                : 
CONTINUE             : 
CORCHDER             : 
CORCHIZQ             : 
COUNT                : 
CURRENT              : 
DEFAULT              : 111
DEFINE               : 
DIVIDE               : 38 98
DO                   : 
DOBLEASTERISCOIGUAL  : 
DOSPUNTOS            : 111 112 113 114 115 116
ECHO                 : 121 123
ELSE                 : 
EMPTY                : 
ENDSWITCH            : 112
END_WHILE            : 
ENTERO               : 51 53 70 131 131
ESPACIOENBLANCO      : 
EXPONENCIACION       : 40
EXTENDS              : 132
FIN                  : 125 126
FLOTANTE             : 52 54 71
FOR                  : 131
FOREACH              : 61
FUNCTION             : 132
GLOBAL               : 
HEAP                 : 65
IF                   : 
IGUAL                : 41 42 43 44 63 65 94 131
IGUALIGUAL           : 88
INICIO               : 125 126
LIST                 : 
LLAVEDER             : 61 110 111 111 113 114 131 132 132
LLAVEIZQ             : 61 110 111 111 113 114 131 132 132
MAS                  : 35 95 129 129
MASIGUAL             : 
MAYORIGUAL           : 92
MAYORQUE             : 91
MAYORQUEI            : 127
MENORIGUAL           : 93
MENORQUE             : 90
MENORQUEI            : 128
MENOS                : 36 96 130 130
MENOSIGUAL           : 
MODULO               : 39
MULTIPLICA           : 37 97
NEW                  : 64
NOIGUAL              : 89
NOMBRE               : 64 77 78 132
NULL                 : 58
OPEN_TAG_WITH_ECHO   : 
OPERACIONSUM         : 
OPERALOGICO_MAP      : 
OPERAMAPA            : 62 63
OPERAPUT             : 
OPERASIG_ARRAY       : 103 105 108 109
OPERCOMPARACION      : 
OPERLOGICO_AND       : 85
OPERLOGICO_NOT       : 82
OPERLOGICO_OR        : 86
OPERLOGICO_OREXCLUSIVO : 
OPERLOGICO_XOR       : 
PARENDER             : 47 48 49 50 61 62 63 64 77 78 101 110 111 112 131 132
PARENIZQ             : 47 48 49 50 61 62 63 64 77 78 101 110 111 112 131 132
PORCENTAJEIGUAL      : 
PRINT                : 122 124
PRIVATE              : 
PROTECTED            : 
PUBLIC               : 132
PUNTO                : 
PUNTOIGUAL           : 
PUNTOYCOMA           : 41 42 43 44 62 63 64 94 112 114 116 121 122 123 124 131 131
RETURN               : 
RSORT                : 
SALTO_DE_LINEA       : 
SPLHEAP              : 132
STATIC               : 
SWITCH               : 110 111 112
TEXTOSENCILLO        : 
VARIABLE_PHP         : 41 41 41 42 42 43 44 56 61 61 63 73 94 123 124 131 131 131
WHILE                : 
error                : 

Nonterminals, with rules where they appear

SplHeap              : 14
aritmetica           : 25 75 100
arraymaps            : 5
asignacion           : 23 68
booleano             : 83
booleanos            : 19 76 82 84 84
caso_switch          : 31 117 118
casos_switch         : 32 110 111 112 117
comentarios          : 10
comparacion          : 21 81
crearArray           : 26 79
for                  : 13
foreach              : 4
funcion              : 8 65
impresion            : 11 126 131 132
incdec               : 33 131
incdecfor            : 34 131
instruccion          : 17 66 67
instrucciones        : 15 66 111 113 114 115 116
monticuloHEAP        : 9
o_comparar           : 22 87
o_logicos            : 20 84
operacionMatematica  : 1 61 125 126
operaciones          : 16 44 47 48 48 49 49 50
operador             : 2 41 42 43 44 45 46 46 48 50
operadores_aritmeticos : 24 99 100
parametros           : 7 60 62 63 132
programabasico       : 12
repite_claveValor    : 105 109
repite_claveValorSeparadosComa : 29
repite_valores       : 104 107
repite_valoresSeparadosComa : 28
sentencias           : 0
switchCase           : 30 69
tipoDeDato           : 6 59 60 121 122
tipoDevalorNumerico  : 3 42 43 43 44 44 45 45 46 46 46
valores              : 18 78 87 87 94 99 99 100 102 103 103 104 105 105 106 107 108 108 109 109 110 111 112 113 114 115 116
valoresArray         : 27 101

